<?xml version="1.0" encoding="UTF-8"?>
<!-- Generated by org.testng.reporters.JUnitReportReporter -->
<testsuite hostname="DEVPC13" name="ru.stqa.selenium.LoginTrue" tests="1" failures="0" timestamp="15 Jul 2016 01:37:13 GMT" time="11.103" errors="0">
  <testcase name="testLoginTrue" time="11.103" classname="ru.stqa.selenium.LoginTrue"/>
</testsuite> <!-- ru.stqa.selenium.LoginTrue -->
