<?xml version="1.0" encoding="UTF-8"?>
<!-- Generated by org.testng.reporters.JUnitReportReporter -->
<testsuite hostname="DEVPC13" name="ru.stqa.selenium.LoginTrue" tests="1" failures="0" timestamp="14 Jul 2016 09:57:54 GMT" time="13.192" errors="0">
  <testcase name="testLoginTrue" time="13.192" classname="ru.stqa.selenium.LoginTrue"/>
</testsuite> <!-- ru.stqa.selenium.LoginTrue -->
